18-11-2021 09:03:16[SeverityInformational] : Haciendo Login
18-11-2021 09:03:16[SeverityInformational] : Obteniendo Perfiles relacionado con usuario 1
18-11-2021 09:03:16[SeverityInformational] : Obteniendo permisos del perfil con id 21
18-11-2021 09:03:16[SeverityInformational] : Obteniendo Perfiles relacionados
18-11-2021 09:03:16[SeverityInformational] : Obteniendo permisos del perfil con id 1
18-11-2021 09:03:16[SeverityInformational] : Obteniendo Perfiles relacionados
18-11-2021 09:03:16[SeverityInformational] : Obteniendo permisos del perfil con id 20
18-11-2021 09:03:16[SeverityInformational] : Obteniendo Perfiles relacionados
18-11-2021 09:03:16[SeverityInformational] : Obteniendo permisos del perfil con id 2
18-11-2021 09:03:16[SeverityInformational] : Obteniendo Perfiles relacionados
18-11-2021 09:03:16[SeverityInformational] : Obteniendo permisos del perfil con id 3
18-11-2021 09:03:16[SeverityInformational] : Obteniendo Perfiles relacionados
18-11-2021 09:03:16[SeverityInformational] : Obteniendo permisos del perfil con id 4
18-11-2021 09:03:16[SeverityInformational] : Obteniendo Perfiles relacionados
18-11-2021 09:03:16[SeverityInformational] : Obteniendo permisos del perfil con id 7
18-11-2021 09:03:16[SeverityInformational] : Obteniendo Perfiles relacionados
18-11-2021 09:03:16[SeverityInformational] : Obteniendo permisos del perfil con id 5
18-11-2021 09:03:16[SeverityInformational] : Obteniendo Perfiles relacionados
18-11-2021 09:03:16[SeverityInformational] : Obteniendo permisos del perfil con id 6
18-11-2021 09:03:16[SeverityInformational] : Obteniendo Perfiles relacionados
18-11-2021 09:03:16[SeverityInformational] : Obteniendo permisos del perfil con id 8
18-11-2021 09:03:16[SeverityInformational] : Obteniendo Perfiles relacionados
18-11-2021 09:03:16[SeverityInformational] : Obteniendo permisos del perfil con id 9
18-11-2021 09:03:16[SeverityInformational] : Obteniendo Perfiles relacionados
18-11-2021 09:03:16[SeverityInformational] : Obteniendo permisos del perfil con id 10
18-11-2021 09:03:16[SeverityInformational] : Obteniendo Perfiles relacionados
18-11-2021 09:03:16[SeverityInformational] : Obteniendo permisos del perfil con id 13
18-11-2021 09:03:16[SeverityInformational] : Obteniendo Perfiles relacionados
18-11-2021 09:03:16[SeverityInformational] : Obteniendo permisos del perfil con id 11
18-11-2021 09:03:16[SeverityInformational] : Obteniendo Perfiles relacionados
18-11-2021 09:03:16[SeverityInformational] : Obteniendo permisos del perfil con id 12
18-11-2021 09:03:16[SeverityInformational] : Obteniendo Perfiles relacionados
18-11-2021 09:03:16[SeverityInformational] : Obteniendo permisos del perfil con id 14
18-11-2021 09:03:16[SeverityInformational] : Obteniendo Perfiles relacionados
18-11-2021 09:03:16[SeverityInformational] : Obteniendo permisos del perfil con id 15
18-11-2021 09:03:16[SeverityInformational] : Obteniendo Perfiles relacionados
18-11-2021 09:03:16[SeverityInformational] : Obteniendo permisos del perfil con id 16
18-11-2021 09:03:16[SeverityInformational] : Obteniendo Perfiles relacionados
18-11-2021 09:03:16[SeverityInformational] : Obteniendo permisos del perfil con id 17
18-11-2021 09:03:16[SeverityInformational] : Obteniendo Perfiles relacionados
18-11-2021 09:03:16[SeverityInformational] : Obteniendo permisos del perfil con id 18
18-11-2021 09:03:16[SeverityInformational] : Obteniendo Perfiles relacionados
18-11-2021 09:03:16[SeverityInformational] : Obteniendo permisos del perfil con id 19
18-11-2021 09:03:16[SeverityInformational] : Obteniendo Perfiles relacionados
18-11-2021 09:03:16[SeverityInformational] : Obteniendo Permisos relacionado con usuario 1
25-08-2022 06:53:40[SeverityInformational] : Haciendo Login
25-08-2022 06:53:40[SeverityInformational] : Obteniendo Perfiles relacionado con usuario 1
25-08-2022 06:53:40[SeverityInformational] : Obteniendo permisos del perfil con id 21
25-08-2022 06:53:40[SeverityInformational] : Obteniendo Perfiles relacionados
25-08-2022 06:53:40[SeverityInformational] : Obteniendo permisos del perfil con id 1
25-08-2022 06:53:40[SeverityInformational] : Obteniendo Perfiles relacionados
25-08-2022 06:53:40[SeverityInformational] : Obteniendo permisos del perfil con id 20
25-08-2022 06:53:40[SeverityInformational] : Obteniendo Perfiles relacionados
25-08-2022 06:53:40[SeverityInformational] : Obteniendo permisos del perfil con id 2
25-08-2022 06:53:40[SeverityInformational] : Obteniendo Perfiles relacionados
25-08-2022 06:53:40[SeverityInformational] : Obteniendo permisos del perfil con id 3
25-08-2022 06:53:40[SeverityInformational] : Obteniendo Perfiles relacionados
25-08-2022 06:53:40[SeverityInformational] : Obteniendo permisos del perfil con id 4
25-08-2022 06:53:40[SeverityInformational] : Obteniendo Perfiles relacionados
25-08-2022 06:53:40[SeverityInformational] : Obteniendo permisos del perfil con id 7
25-08-2022 06:53:40[SeverityInformational] : Obteniendo Perfiles relacionados
25-08-2022 06:53:40[SeverityInformational] : Obteniendo permisos del perfil con id 5
25-08-2022 06:53:40[SeverityInformational] : Obteniendo Perfiles relacionados
25-08-2022 06:53:40[SeverityInformational] : Obteniendo permisos del perfil con id 6
25-08-2022 06:53:40[SeverityInformational] : Obteniendo Perfiles relacionados
25-08-2022 06:53:40[SeverityInformational] : Obteniendo permisos del perfil con id 8
25-08-2022 06:53:40[SeverityInformational] : Obteniendo Perfiles relacionados
25-08-2022 06:53:40[SeverityInformational] : Obteniendo permisos del perfil con id 9
25-08-2022 06:53:40[SeverityInformational] : Obteniendo Perfiles relacionados
25-08-2022 06:53:40[SeverityInformational] : Obteniendo permisos del perfil con id 10
25-08-2022 06:53:40[SeverityInformational] : Obteniendo Perfiles relacionados
25-08-2022 06:53:40[SeverityInformational] : Obteniendo permisos del perfil con id 13
25-08-2022 06:53:40[SeverityInformational] : Obteniendo Perfiles relacionados
25-08-2022 06:53:40[SeverityInformational] : Obteniendo permisos del perfil con id 11
25-08-2022 06:53:40[SeverityInformational] : Obteniendo Perfiles relacionados
25-08-2022 06:53:40[SeverityInformational] : Obteniendo permisos del perfil con id 12
25-08-2022 06:53:40[SeverityInformational] : Obteniendo Perfiles relacionados
25-08-2022 06:53:40[SeverityInformational] : Obteniendo permisos del perfil con id 14
25-08-2022 06:53:40[SeverityInformational] : Obteniendo Perfiles relacionados
25-08-2022 06:53:40[SeverityInformational] : Obteniendo permisos del perfil con id 15
25-08-2022 06:53:40[SeverityInformational] : Obteniendo Perfiles relacionados
25-08-2022 06:53:40[SeverityInformational] : Obteniendo permisos del perfil con id 16
25-08-2022 06:53:40[SeverityInformational] : Obteniendo Perfiles relacionados
25-08-2022 06:53:40[SeverityInformational] : Obteniendo permisos del perfil con id 17
25-08-2022 06:53:40[SeverityInformational] : Obteniendo Perfiles relacionados
25-08-2022 06:53:40[SeverityInformational] : Obteniendo permisos del perfil con id 18
25-08-2022 06:53:40[SeverityInformational] : Obteniendo Perfiles relacionados
25-08-2022 06:53:40[SeverityInformational] : Obteniendo permisos del perfil con id 19
25-08-2022 06:53:40[SeverityInformational] : Obteniendo Perfiles relacionados
25-08-2022 06:53:40[SeverityInformational] : Obteniendo Permisos relacionado con usuario 1
25-08-2022 06:55:13[SeverityInformational] : Haciendo Login
25-08-2022 06:55:13[SeverityInformational] : Obteniendo Perfiles relacionado con usuario 1
25-08-2022 06:55:13[SeverityInformational] : Obteniendo permisos del perfil con id 21
25-08-2022 06:55:13[SeverityInformational] : Obteniendo Perfiles relacionados
25-08-2022 06:55:13[SeverityInformational] : Obteniendo permisos del perfil con id 1
25-08-2022 06:55:13[SeverityInformational] : Obteniendo Perfiles relacionados
25-08-2022 06:55:13[SeverityInformational] : Obteniendo permisos del perfil con id 20
25-08-2022 06:55:13[SeverityInformational] : Obteniendo Perfiles relacionados
25-08-2022 06:55:13[SeverityInformational] : Obteniendo permisos del perfil con id 2
25-08-2022 06:55:13[SeverityInformational] : Obteniendo Perfiles relacionados
25-08-2022 06:55:13[SeverityInformational] : Obteniendo permisos del perfil con id 3
25-08-2022 06:55:13[SeverityInformational] : Obteniendo Perfiles relacionados
25-08-2022 06:55:13[SeverityInformational] : Obteniendo permisos del perfil con id 4
25-08-2022 06:55:13[SeverityInformational] : Obteniendo Perfiles relacionados
25-08-2022 06:55:13[SeverityInformational] : Obteniendo permisos del perfil con id 7
25-08-2022 06:55:13[SeverityInformational] : Obteniendo Perfiles relacionados
25-08-2022 06:55:13[SeverityInformational] : Obteniendo permisos del perfil con id 5
25-08-2022 06:55:13[SeverityInformational] : Obteniendo Perfiles relacionados
25-08-2022 06:55:13[SeverityInformational] : Obteniendo permisos del perfil con id 6
25-08-2022 06:55:13[SeverityInformational] : Obteniendo Perfiles relacionados
25-08-2022 06:55:13[SeverityInformational] : Obteniendo permisos del perfil con id 8
25-08-2022 06:55:13[SeverityInformational] : Obteniendo Perfiles relacionados
25-08-2022 06:55:13[SeverityInformational] : Obteniendo permisos del perfil con id 9
25-08-2022 06:55:13[SeverityInformational] : Obteniendo Perfiles relacionados
25-08-2022 06:55:13[SeverityInformational] : Obteniendo permisos del perfil con id 10
25-08-2022 06:55:13[SeverityInformational] : Obteniendo Perfiles relacionados
25-08-2022 06:55:13[SeverityInformational] : Obteniendo permisos del perfil con id 13
25-08-2022 06:55:13[SeverityInformational] : Obteniendo Perfiles relacionados
25-08-2022 06:55:13[SeverityInformational] : Obteniendo permisos del perfil con id 11
25-08-2022 06:55:13[SeverityInformational] : Obteniendo Perfiles relacionados
25-08-2022 06:55:13[SeverityInformational] : Obteniendo permisos del perfil con id 12
25-08-2022 06:55:13[SeverityInformational] : Obteniendo Perfiles relacionados
25-08-2022 06:55:13[SeverityInformational] : Obteniendo permisos del perfil con id 14
25-08-2022 06:55:13[SeverityInformational] : Obteniendo Perfiles relacionados
25-08-2022 06:55:13[SeverityInformational] : Obteniendo permisos del perfil con id 15
25-08-2022 06:55:13[SeverityInformational] : Obteniendo Perfiles relacionados
25-08-2022 06:55:13[SeverityInformational] : Obteniendo permisos del perfil con id 16
25-08-2022 06:55:13[SeverityInformational] : Obteniendo Perfiles relacionados
25-08-2022 06:55:13[SeverityInformational] : Obteniendo permisos del perfil con id 17
25-08-2022 06:55:13[SeverityInformational] : Obteniendo Perfiles relacionados
25-08-2022 06:55:13[SeverityInformational] : Obteniendo permisos del perfil con id 18
25-08-2022 06:55:13[SeverityInformational] : Obteniendo Perfiles relacionados
25-08-2022 06:55:13[SeverityInformational] : Obteniendo permisos del perfil con id 19
25-08-2022 06:55:13[SeverityInformational] : Obteniendo Perfiles relacionados
25-08-2022 06:55:13[SeverityInformational] : Obteniendo Permisos relacionado con usuario 1
25-08-2022 06:56:37[SeverityInformational] : Haciendo Login
25-08-2022 06:56:37[SeverityInformational] : Obteniendo Perfiles relacionado con usuario 1
25-08-2022 06:56:37[SeverityInformational] : Obteniendo permisos del perfil con id 21
25-08-2022 06:56:37[SeverityInformational] : Obteniendo Perfiles relacionados
25-08-2022 06:56:37[SeverityInformational] : Obteniendo permisos del perfil con id 1
25-08-2022 06:56:37[SeverityInformational] : Obteniendo Perfiles relacionados
25-08-2022 06:56:37[SeverityInformational] : Obteniendo permisos del perfil con id 20
25-08-2022 06:56:37[SeverityInformational] : Obteniendo Perfiles relacionados
25-08-2022 06:56:37[SeverityInformational] : Obteniendo permisos del perfil con id 2
25-08-2022 06:56:37[SeverityInformational] : Obteniendo Perfiles relacionados
25-08-2022 06:56:37[SeverityInformational] : Obteniendo permisos del perfil con id 3
25-08-2022 06:56:37[SeverityInformational] : Obteniendo Perfiles relacionados
25-08-2022 06:56:37[SeverityInformational] : Obteniendo permisos del perfil con id 4
25-08-2022 06:56:37[SeverityInformational] : Obteniendo Perfiles relacionados
25-08-2022 06:56:37[SeverityInformational] : Obteniendo permisos del perfil con id 7
25-08-2022 06:56:37[SeverityInformational] : Obteniendo Perfiles relacionados
25-08-2022 06:56:37[SeverityInformational] : Obteniendo permisos del perfil con id 5
25-08-2022 06:56:37[SeverityInformational] : Obteniendo Perfiles relacionados
25-08-2022 06:56:37[SeverityInformational] : Obteniendo permisos del perfil con id 6
25-08-2022 06:56:37[SeverityInformational] : Obteniendo Perfiles relacionados
25-08-2022 06:56:37[SeverityInformational] : Obteniendo permisos del perfil con id 8
25-08-2022 06:56:37[SeverityInformational] : Obteniendo Perfiles relacionados
25-08-2022 06:56:37[SeverityInformational] : Obteniendo permisos del perfil con id 9
25-08-2022 06:56:37[SeverityInformational] : Obteniendo Perfiles relacionados
25-08-2022 06:56:37[SeverityInformational] : Obteniendo permisos del perfil con id 10
25-08-2022 06:56:37[SeverityInformational] : Obteniendo Perfiles relacionados
25-08-2022 06:56:37[SeverityInformational] : Obteniendo permisos del perfil con id 13
25-08-2022 06:56:37[SeverityInformational] : Obteniendo Perfiles relacionados
25-08-2022 06:56:37[SeverityInformational] : Obteniendo permisos del perfil con id 11
25-08-2022 06:56:37[SeverityInformational] : Obteniendo Perfiles relacionados
25-08-2022 06:56:37[SeverityInformational] : Obteniendo permisos del perfil con id 12
25-08-2022 06:56:37[SeverityInformational] : Obteniendo Perfiles relacionados
25-08-2022 06:56:37[SeverityInformational] : Obteniendo permisos del perfil con id 14
25-08-2022 06:56:37[SeverityInformational] : Obteniendo Perfiles relacionados
25-08-2022 06:56:37[SeverityInformational] : Obteniendo permisos del perfil con id 15
25-08-2022 06:56:37[SeverityInformational] : Obteniendo Perfiles relacionados
25-08-2022 06:56:37[SeverityInformational] : Obteniendo permisos del perfil con id 16
25-08-2022 06:56:37[SeverityInformational] : Obteniendo Perfiles relacionados
25-08-2022 06:56:37[SeverityInformational] : Obteniendo permisos del perfil con id 17
25-08-2022 06:56:37[SeverityInformational] : Obteniendo Perfiles relacionados
25-08-2022 06:56:37[SeverityInformational] : Obteniendo permisos del perfil con id 18
25-08-2022 06:56:37[SeverityInformational] : Obteniendo Perfiles relacionados
25-08-2022 06:56:37[SeverityInformational] : Obteniendo permisos del perfil con id 19
25-08-2022 06:56:37[SeverityInformational] : Obteniendo Perfiles relacionados
25-08-2022 06:56:37[SeverityInformational] : Obteniendo Permisos relacionado con usuario 1
28-08-2022 03:33:17[SeverityInformational] : Haciendo Login
28-08-2022 03:33:18[SeverityInformational] : Obteniendo Perfiles relacionado con usuario 1
28-08-2022 03:33:18[SeverityInformational] : Obteniendo permisos del perfil con id 21
28-08-2022 03:33:18[SeverityInformational] : Obteniendo Perfiles relacionados
28-08-2022 03:33:18[SeverityInformational] : Obteniendo permisos del perfil con id 1
28-08-2022 03:33:18[SeverityInformational] : Obteniendo Perfiles relacionados
28-08-2022 03:33:18[SeverityInformational] : Obteniendo permisos del perfil con id 20
28-08-2022 03:33:18[SeverityInformational] : Obteniendo Perfiles relacionados
28-08-2022 03:33:18[SeverityInformational] : Obteniendo permisos del perfil con id 2
28-08-2022 03:33:18[SeverityInformational] : Obteniendo Perfiles relacionados
28-08-2022 03:33:18[SeverityInformational] : Obteniendo permisos del perfil con id 3
28-08-2022 03:33:18[SeverityInformational] : Obteniendo Perfiles relacionados
28-08-2022 03:33:18[SeverityInformational] : Obteniendo permisos del perfil con id 4
28-08-2022 03:33:18[SeverityInformational] : Obteniendo Perfiles relacionados
28-08-2022 03:33:18[SeverityInformational] : Obteniendo permisos del perfil con id 7
28-08-2022 03:33:18[SeverityInformational] : Obteniendo Perfiles relacionados
28-08-2022 03:33:18[SeverityInformational] : Obteniendo permisos del perfil con id 5
28-08-2022 03:33:18[SeverityInformational] : Obteniendo Perfiles relacionados
28-08-2022 03:33:18[SeverityInformational] : Obteniendo permisos del perfil con id 6
28-08-2022 03:33:18[SeverityInformational] : Obteniendo Perfiles relacionados
28-08-2022 03:33:18[SeverityInformational] : Obteniendo permisos del perfil con id 8
28-08-2022 03:33:18[SeverityInformational] : Obteniendo Perfiles relacionados
28-08-2022 03:33:18[SeverityInformational] : Obteniendo permisos del perfil con id 9
28-08-2022 03:33:18[SeverityInformational] : Obteniendo Perfiles relacionados
28-08-2022 03:33:18[SeverityInformational] : Obteniendo permisos del perfil con id 10
28-08-2022 03:33:18[SeverityInformational] : Obteniendo Perfiles relacionados
28-08-2022 03:33:18[SeverityInformational] : Obteniendo permisos del perfil con id 13
28-08-2022 03:33:18[SeverityInformational] : Obteniendo Perfiles relacionados
28-08-2022 03:33:18[SeverityInformational] : Obteniendo permisos del perfil con id 11
28-08-2022 03:33:18[SeverityInformational] : Obteniendo Perfiles relacionados
28-08-2022 03:33:18[SeverityInformational] : Obteniendo permisos del perfil con id 12
28-08-2022 03:33:18[SeverityInformational] : Obteniendo Perfiles relacionados
28-08-2022 03:33:18[SeverityInformational] : Obteniendo permisos del perfil con id 14
28-08-2022 03:33:18[SeverityInformational] : Obteniendo Perfiles relacionados
28-08-2022 03:33:18[SeverityInformational] : Obteniendo permisos del perfil con id 15
28-08-2022 03:33:18[SeverityInformational] : Obteniendo Perfiles relacionados
28-08-2022 03:33:18[SeverityInformational] : Obteniendo permisos del perfil con id 16
28-08-2022 03:33:18[SeverityInformational] : Obteniendo Perfiles relacionados
28-08-2022 03:33:18[SeverityInformational] : Obteniendo permisos del perfil con id 17
28-08-2022 03:33:18[SeverityInformational] : Obteniendo Perfiles relacionados
28-08-2022 03:33:18[SeverityInformational] : Obteniendo permisos del perfil con id 18
28-08-2022 03:33:18[SeverityInformational] : Obteniendo Perfiles relacionados
28-08-2022 03:33:18[SeverityInformational] : Obteniendo permisos del perfil con id 19
28-08-2022 03:33:18[SeverityInformational] : Obteniendo Perfiles relacionados
28-08-2022 03:33:18[SeverityInformational] : Obteniendo Permisos relacionado con usuario 1
28-08-2022 03:38:12[SeverityInformational] : Haciendo Login
28-08-2022 03:38:12[SeverityInformational] : Obteniendo Perfiles relacionado con usuario 1
28-08-2022 03:38:12[SeverityInformational] : Obteniendo permisos del perfil con id 21
28-08-2022 03:38:12[SeverityInformational] : Obteniendo Perfiles relacionados
28-08-2022 03:38:12[SeverityInformational] : Obteniendo permisos del perfil con id 1
28-08-2022 03:38:12[SeverityInformational] : Obteniendo Perfiles relacionados
28-08-2022 03:38:12[SeverityInformational] : Obteniendo permisos del perfil con id 20
28-08-2022 03:38:12[SeverityInformational] : Obteniendo Perfiles relacionados
28-08-2022 03:38:12[SeverityInformational] : Obteniendo permisos del perfil con id 2
28-08-2022 03:38:12[SeverityInformational] : Obteniendo Perfiles relacionados
28-08-2022 03:38:12[SeverityInformational] : Obteniendo permisos del perfil con id 3
28-08-2022 03:38:12[SeverityInformational] : Obteniendo Perfiles relacionados
28-08-2022 03:38:12[SeverityInformational] : Obteniendo permisos del perfil con id 4
28-08-2022 03:38:12[SeverityInformational] : Obteniendo Perfiles relacionados
28-08-2022 03:38:12[SeverityInformational] : Obteniendo permisos del perfil con id 7
28-08-2022 03:38:12[SeverityInformational] : Obteniendo Perfiles relacionados
28-08-2022 03:38:12[SeverityInformational] : Obteniendo permisos del perfil con id 5
28-08-2022 03:38:12[SeverityInformational] : Obteniendo Perfiles relacionados
28-08-2022 03:38:12[SeverityInformational] : Obteniendo permisos del perfil con id 6
28-08-2022 03:38:12[SeverityInformational] : Obteniendo Perfiles relacionados
28-08-2022 03:38:12[SeverityInformational] : Obteniendo permisos del perfil con id 8
28-08-2022 03:38:12[SeverityInformational] : Obteniendo Perfiles relacionados
28-08-2022 03:38:12[SeverityInformational] : Obteniendo permisos del perfil con id 9
28-08-2022 03:38:12[SeverityInformational] : Obteniendo Perfiles relacionados
28-08-2022 03:38:12[SeverityInformational] : Obteniendo permisos del perfil con id 10
28-08-2022 03:38:12[SeverityInformational] : Obteniendo Perfiles relacionados
28-08-2022 03:38:12[SeverityInformational] : Obteniendo permisos del perfil con id 13
28-08-2022 03:38:12[SeverityInformational] : Obteniendo Perfiles relacionados
28-08-2022 03:38:12[SeverityInformational] : Obteniendo permisos del perfil con id 11
28-08-2022 03:38:12[SeverityInformational] : Obteniendo Perfiles relacionados
28-08-2022 03:38:12[SeverityInformational] : Obteniendo permisos del perfil con id 12
28-08-2022 03:38:12[SeverityInformational] : Obteniendo Perfiles relacionados
28-08-2022 03:38:12[SeverityInformational] : Obteniendo permisos del perfil con id 14
28-08-2022 03:38:12[SeverityInformational] : Obteniendo Perfiles relacionados
28-08-2022 03:38:12[SeverityInformational] : Obteniendo permisos del perfil con id 15
28-08-2022 03:38:12[SeverityInformational] : Obteniendo Perfiles relacionados
28-08-2022 03:38:12[SeverityInformational] : Obteniendo permisos del perfil con id 16
28-08-2022 03:38:12[SeverityInformational] : Obteniendo Perfiles relacionados
28-08-2022 03:38:12[SeverityInformational] : Obteniendo permisos del perfil con id 17
28-08-2022 03:38:12[SeverityInformational] : Obteniendo Perfiles relacionados
28-08-2022 03:38:12[SeverityInformational] : Obteniendo permisos del perfil con id 18
28-08-2022 03:38:12[SeverityInformational] : Obteniendo Perfiles relacionados
28-08-2022 03:38:12[SeverityInformational] : Obteniendo permisos del perfil con id 19
28-08-2022 03:38:12[SeverityInformational] : Obteniendo Perfiles relacionados
28-08-2022 03:38:12[SeverityInformational] : Obteniendo Permisos relacionado con usuario 1
28-08-2022 03:41:23[SeverityInformational] : Haciendo Login
28-08-2022 03:41:24[SeverityInformational] : Obteniendo Perfiles relacionado con usuario 1
28-08-2022 03:41:24[SeverityInformational] : Obteniendo permisos del perfil con id 21
28-08-2022 03:41:24[SeverityInformational] : Obteniendo Perfiles relacionados
28-08-2022 03:41:24[SeverityInformational] : Obteniendo permisos del perfil con id 1
28-08-2022 03:41:24[SeverityInformational] : Obteniendo Perfiles relacionados
28-08-2022 03:41:24[SeverityInformational] : Obteniendo permisos del perfil con id 20
28-08-2022 03:41:24[SeverityInformational] : Obteniendo Perfiles relacionados
28-08-2022 03:41:24[SeverityInformational] : Obteniendo permisos del perfil con id 2
28-08-2022 03:41:24[SeverityInformational] : Obteniendo Perfiles relacionados
28-08-2022 03:41:24[SeverityInformational] : Obteniendo permisos del perfil con id 3
28-08-2022 03:41:24[SeverityInformational] : Obteniendo Perfiles relacionados
28-08-2022 03:41:24[SeverityInformational] : Obteniendo permisos del perfil con id 4
28-08-2022 03:41:24[SeverityInformational] : Obteniendo Perfiles relacionados
28-08-2022 03:41:24[SeverityInformational] : Obteniendo permisos del perfil con id 7
28-08-2022 03:41:24[SeverityInformational] : Obteniendo Perfiles relacionados
28-08-2022 03:41:24[SeverityInformational] : Obteniendo permisos del perfil con id 5
28-08-2022 03:41:24[SeverityInformational] : Obteniendo Perfiles relacionados
28-08-2022 03:41:24[SeverityInformational] : Obteniendo permisos del perfil con id 6
28-08-2022 03:41:24[SeverityInformational] : Obteniendo Perfiles relacionados
28-08-2022 03:41:24[SeverityInformational] : Obteniendo permisos del perfil con id 8
28-08-2022 03:41:24[SeverityInformational] : Obteniendo Perfiles relacionados
28-08-2022 03:41:24[SeverityInformational] : Obteniendo permisos del perfil con id 9
28-08-2022 03:41:24[SeverityInformational] : Obteniendo Perfiles relacionados
28-08-2022 03:41:24[SeverityInformational] : Obteniendo permisos del perfil con id 10
28-08-2022 03:41:24[SeverityInformational] : Obteniendo Perfiles relacionados
28-08-2022 03:41:24[SeverityInformational] : Obteniendo permisos del perfil con id 13
28-08-2022 03:41:24[SeverityInformational] : Obteniendo Perfiles relacionados
28-08-2022 03:41:24[SeverityInformational] : Obteniendo permisos del perfil con id 11
28-08-2022 03:41:24[SeverityInformational] : Obteniendo Perfiles relacionados
28-08-2022 03:41:24[SeverityInformational] : Obteniendo permisos del perfil con id 12
28-08-2022 03:41:24[SeverityInformational] : Obteniendo Perfiles relacionados
28-08-2022 03:41:24[SeverityInformational] : Obteniendo permisos del perfil con id 14
28-08-2022 03:41:24[SeverityInformational] : Obteniendo Perfiles relacionados
28-08-2022 03:41:24[SeverityInformational] : Obteniendo permisos del perfil con id 15
28-08-2022 03:41:24[SeverityInformational] : Obteniendo Perfiles relacionados
28-08-2022 03:41:24[SeverityInformational] : Obteniendo permisos del perfil con id 16
28-08-2022 03:41:24[SeverityInformational] : Obteniendo Perfiles relacionados
28-08-2022 03:41:24[SeverityInformational] : Obteniendo permisos del perfil con id 17
28-08-2022 03:41:24[SeverityInformational] : Obteniendo Perfiles relacionados
28-08-2022 03:41:24[SeverityInformational] : Obteniendo permisos del perfil con id 18
28-08-2022 03:41:24[SeverityInformational] : Obteniendo Perfiles relacionados
28-08-2022 03:41:24[SeverityInformational] : Obteniendo permisos del perfil con id 19
28-08-2022 03:41:24[SeverityInformational] : Obteniendo Perfiles relacionados
28-08-2022 03:41:24[SeverityInformational] : Obteniendo Permisos relacionado con usuario 1
